TN:
SF:src\use-cases\submit-feedbacks-use-case.ts
FN:12,get
FN:14,FeedbackUseCase
FN:18,execute
FNF:3
FNH:3
FNDA:1,get
FNDA:1,FeedbackUseCase
FNDA:1,execute
DA:1,1
DA:2,1
DA:3,1
DA:4,1
DA:5,1
DA:6,1
DA:7,1
DA:8,1
DA:9,1
DA:10,1
DA:11,1
DA:12,1
DA:13,1
DA:14,1
DA:15,1
DA:16,1
DA:17,1
DA:18,1
DA:19,1
DA:20,1
DA:21,1
DA:22,0
DA:23,0
DA:24,1
DA:25,1
DA:26,1
DA:27,1
DA:28,1
DA:29,1
DA:30,1
DA:31,1
DA:32,1
DA:33,1
DA:34,1
DA:35,1
DA:36,1
DA:37,1
DA:38,1
DA:39,1
DA:40,1
DA:41,1
DA:42,1
LF:42
LH:40
BRDA:12,0,0,1
BRDA:14,1,0,1
BRDA:18,2,0,1
BRDA:21,3,0,0
BRF:4
BRH:3
end_of_record
